timestamp: 2020-01-18T09:51:03.034893
CREATE TABLE "auth_user"(
    "id" INTEGER PRIMARY KEY AUTOINCREMENT,
    "username" CHAR(512) UNIQUE,
    "email" CHAR(512) UNIQUE,
    "password" CHAR(512),
    "first_name" CHAR(512),
    "last_name" CHAR(512),
    "sso_id" CHAR(512),
    "action_token" CHAR(512)
);
success!
timestamp: 2020-01-18T09:51:03.136025
CREATE TABLE "auth_user_tag_groups"(
    "id" INTEGER PRIMARY KEY AUTOINCREMENT,
    "path" CHAR(512),
    "record_id" INTEGER REFERENCES "auth_user" ("id") ON DELETE CASCADE  
);
success!
timestamp: 2020-01-18T21:53:25.412423
CREATE TABLE "tipo_document"(
    "id" INTEGER PRIMARY KEY AUTOINCREMENT,
    "name" CHAR(512),
    "description" TEXT
);
success!
timestamp: 2020-01-18T21:55:06.485260
CREATE TABLE "documents"(
    "id" INTEGER PRIMARY KEY AUTOINCREMENT,
    "tipodocument_id" INTEGER REFERENCES "tipo_document" ("id") ON DELETE CASCADE  ,
    "title" CHAR(512),
    "description" TEXT,
    "file" CHAR(512),
    "note" TEXT
);
success!
